RobotVoiceDemo/app/build/outputs/logs/manifest-merger-debug-report.txt
-- Merging decision tree log ---
manifest
ADDED from src/main/AndroidManifest.xml:2:1-44:12
	package
		ADDED from src/main/AndroidManifest.xml:3:5-41
		INJECTED from src/main/AndroidManifest.xml
		INJECTED from src/main/AndroidManifest.xml
	android:versionName
		ADDED from src/main/AndroidManifest.xml:5:5-30
		INJECTED from src/main/AndroidManifest.xml
		INJECTED from src/main/AndroidManifest.xml
	android:versionCode
		ADDED from src/main/AndroidManifest.xml:4:5-28
		INJECTED from src/main/AndroidManifest.xml
		INJECTED from src/main/AndroidManifest.xml
	xmlns:android
		ADDED from src/main/AndroidManifest.xml:2:11-69
uses-sdk
ADDED from src/main/AndroidManifest.xml:7:5-74
MERGED from [RobotVoiceDemo:olami-android-hotword-detect-1.1.1:unspecified] AndroidManifest.xml:7:5-9:41
MERGED from [RobotVoiceDemo:olami-android-client-2.6.0-full:unspecified] AndroidManifest.xml:7:5-9:41
MERGED from [RobotVoiceDemo:olami-android-tts-1.1.0.120:unspecified] AndroidManifest.xml:7:5-9:41
	android:targetSdkVersion
		ADDED from src/main/AndroidManifest.xml:7:42-71
		INJECTED from src/main/AndroidManifest.xml
		INJECTED from src/main/AndroidManifest.xml
	android:minSdkVersion
		ADDED from src/main/AndroidManifest.xml:7:15-41
		INJECTED from src/main/AndroidManifest.xml
		INJECTED from src/main/AndroidManifest.xml
uses-permission#android.permission.READ_PHONE_STATE
ADDED from src/main/AndroidManifest.xml:9:5-75
	android:name
		ADDED from src/main/AndroidManifest.xml:9:22-72
uses-permission#android.permission.CALL_PHONE
ADDED from src/main/AndroidManifest.xml:10:5-69
	android:name
		ADDED from src/main/AndroidManifest.xml:10:22-66
uses-permission#android.permission.INTERNET
ADDED from src/main/AndroidManifest.xml:11:5-66
MERGED from [RobotVoiceDemo:olami-android-client-2.6.0-full:unspecified] AndroidManifest.xml:13:5-67
	android:name
		ADDED from src/main/AndroidManifest.xml:11:22-64
uses-permission#android.permission.ACCESS_NETWORK_STATE
ADDED from src/main/AndroidManifest.xml:12:5-78
	android:name
		ADDED from src/main/AndroidManifest.xml:12:22-76
uses-permission#android.permission.ACCESS_WIFI_STATE
ADDED from src/main/AndroidManifest.xml:13:5-75
	android:name
		ADDED from src/main/AndroidManifest.xml:13:22-73
uses-permission#android.permission.WRITE_EXTERNAL_STORAGE
ADDED from src/main/AndroidManifest.xml:14:5-80
MERGED from [RobotVoiceDemo:olami-android-client-2.6.0-full:unspecified] AndroidManifest.xml:12:5-81
	android:name
		ADDED from src/main/AndroidManifest.xml:14:22-78
application
ADDED from src/main/AndroidManifest.xml:16:5-42:19
MERGED from [RobotVoiceDemo:olami-android-hotword-detect-1.1.1:unspecified] AndroidManifest.xml:11:5-15:19
MERGED from [RobotVoiceDemo:olami-android-tts-1.1.0.120:unspecified] AndroidManifest.xml:11:5-15:19
	android:label
		ADDED from src/main/AndroidManifest.xml:19:9-41
	android:supportsRtl
		ADDED from [RobotVoiceDemo:olami-android-hotword-detect-1.1.1:unspecified] AndroidManifest.xml:14:9-35
	android:allowBackup
		ADDED from src/main/AndroidManifest.xml:17:9-35
	android:icon
		ADDED from src/main/AndroidManifest.xml:18:9-45
	android:theme
		ADDED from src/main/AndroidManifest.xml:20:9-40
activity#com.example.robotvoicedemo.MainActivity
ADDED from src/main/AndroidManifest.xml:21:9-29:20
	android:label
		ADDED from src/main/AndroidManifest.xml:23:13-45
	android:name
		ADDED from src/main/AndroidManifest.xml:22:13-67
intent-filter#android.intent.action.MAIN+android.intent.category.LAUNCHER
ADDED from src/main/AndroidManifest.xml:24:13-28:29
action#android.intent.action.MAIN
ADDED from src/main/AndroidManifest.xml:25:17-69
	android:name
		ADDED from src/main/AndroidManifest.xml:25:25-66
category#android.intent.category.LAUNCHER
ADDED from src/main/AndroidManifest.xml:27:17-77
	android:name
		ADDED from src/main/AndroidManifest.xml:27:27-74
service#com.example.robotvoicedemo.MyService
ADDED from src/main/AndroidManifest.xml:30:9-69
	android:enabled
		ADDED from src/main/AndroidManifest.xml:30:44-66
	android:name
		ADDED from src/main/AndroidManifest.xml:30:18-43
activity#com.example.robotvoicedemo.wxapi.WXEntryActivity
ADDED from src/main/AndroidManifest.xml:31:9-41:16
	android:launchMode
		ADDED from src/main/AndroidManifest.xml:33:9-39
	android:exported
		ADDED from src/main/AndroidManifest.xml:32:9-32
	android:name
		ADDED from src/main/AndroidManifest.xml:31:19-56
intent-filter#android.intent.action.VIEW+android.intent.category.DEFAULT
ADDED from src/main/AndroidManifest.xml:34:9-40:25
action#android.intent.action.VIEW
ADDED from src/main/AndroidManifest.xml:35:13-65
	android:name
		ADDED from src/main/AndroidManifest.xml:35:21-62
category#android.intent.category.DEFAULT
ADDED from src/main/AndroidManifest.xml:37:13-72
	android:name
		ADDED from src/main/AndroidManifest.xml:37:23-69
data
ADDED from src/main/AndroidManifest.xml:39:13-57
	android:scheme
		ADDED from src/main/AndroidManifest.xml:39:19-54
uses-permission#android.permission.RECORD_AUDIO
ADDED from [RobotVoiceDemo:olami-android-client-2.6.0-full:unspecified] AndroidManifest.xml:11:5-71
	android:name
		ADDED from [RobotVoiceDemo:olami-android-client-2.6.0-full:unspecified] AndroidManifest.xml:11:22-68